<?xml version="1.0" encoding="UTF-8"?>
<testng-results ignored="0" total="1" passed="1" failed="0" skipped="0">
  <reporter-output>
  </reporter-output>
  <suite started-at="2021-03-27T22:53:00 GMT" name="Default suite" finished-at="2021-03-27T22:53:04 GMT" duration-ms="4629">
    <groups>
    </groups>
    <test started-at="2021-03-27T22:53:00 GMT" name="Default test" finished-at="2021-03-27T22:53:04 GMT" duration-ms="4629">
      <class name="GetDemo.GetTest">
        <test-method signature="testCityWeather()[pri:0, instance:GetDemo.GetTest@2118cddf]" started-at="2021-03-27T22:53:00 GMT" name="testCityWeather" finished-at="2021-03-27T22:53:04 GMT" duration-ms="4559" status="PASS">
          <reporter-output>
          </reporter-output>
        </test-method> <!-- testCityWeather -->
      </class> <!-- GetDemo.GetTest -->
    </test> <!-- Default test -->
  </suite> <!-- Default suite -->
</testng-results>
